INFO:WDM:====== WebDriver manager ======
INFO:WDM:Get LATEST chromedriver version for google-chrome
INFO:WDM:Get LATEST chromedriver version for google-chrome
INFO:WDM:There is no [win64] chromedriver "127.0.6533.119" for browser google-chrome "127.0.6533" in cache
INFO:WDM:Get LATEST chromedriver version for google-chrome
INFO:WDM:WebDriver version 127.0.6533.119 selected
INFO:WDM:Modern chrome version https://storage.googleapis.com/chrome-for-testing-public/127.0.6533.119/win32/chromedriver-win32.zip
INFO:WDM:About to download new driver from https://storage.googleapis.com/chrome-for-testing-public/127.0.6533.119/win32/chromedriver-win32.zip
INFO:WDM:Driver downloading response is 200
INFO:WDM:Get LATEST chromedriver version for google-chrome
INFO:WDM:Driver has been saved in cache [C:\Users\AJ_dell1\.wdm\drivers\chromedriver\win64\127.0.6533.119]
INFO:WDM:====== WebDriver manager ======
INFO:WDM:Get LATEST chromedriver version for google-chrome
INFO:WDM:Get LATEST chromedriver version for google-chrome
INFO:WDM:Driver [C:\Users\AJ_dell1\.wdm\drivers\chromedriver\win64\127.0.6533.119\chromedriver-win32/chromedriver.exe] found in cache
INFO:WDM:====== WebDriver manager ======
INFO:WDM:Get LATEST chromedriver version for google-chrome
INFO:WDM:Get LATEST chromedriver version for google-chrome
INFO:WDM:Driver [C:\Users\AJ_dell1\.wdm\drivers\chromedriver\win64\127.0.6533.119\chromedriver-win32/chromedriver.exe] found in cache
INFO:WDM:====== WebDriver manager ======
INFO:WDM:Get LATEST chromedriver version for google-chrome
INFO:WDM:Get LATEST chromedriver version for google-chrome
INFO:WDM:Driver [C:\Users\AJ_dell1\.wdm\drivers\chromedriver\win64\127.0.6533.119\chromedriver-win32/chromedriver.exe] found in cache
INFO:WDM:====== WebDriver manager ======
INFO:WDM:Get LATEST chromedriver version for google-chrome
INFO:WDM:Get LATEST chromedriver version for google-chrome
INFO:WDM:Driver [C:\Users\AJ_dell1\.wdm\drivers\chromedriver\win64\127.0.6533.119\chromedriver-win32/chromedriver.exe] found in cache
INFO:WDM:====== WebDriver manager ======
INFO:WDM:Get LATEST chromedriver version for google-chrome
INFO:WDM:Get LATEST chromedriver version for google-chrome
INFO:WDM:Driver [C:\Users\AJ_dell1\.wdm\drivers\chromedriver\win64\127.0.6533.119\chromedriver-win32/chromedriver.exe] found in cache
INFO:WDM:====== WebDriver manager ======
INFO:WDM:Get LATEST chromedriver version for google-chrome
INFO:WDM:Get LATEST chromedriver version for google-chrome
INFO:WDM:Driver [C:\Users\AJ_dell1\.wdm\drivers\chromedriver\win64\127.0.6533.119\chromedriver-win32/chromedriver.exe] found in cache
INFO:WDM:====== WebDriver manager ======
INFO:WDM:Get LATEST chromedriver version for google-chrome
INFO:WDM:Get LATEST chromedriver version for google-chrome
INFO:WDM:Driver [C:\Users\AJ_dell1\.wdm\drivers\chromedriver\win64\127.0.6533.119\chromedriver-win32/chromedriver.exe] found in cache
INFO:WDM:====== WebDriver manager ======
INFO:WDM:Get LATEST chromedriver version for google-chrome
INFO:WDM:Get LATEST chromedriver version for google-chrome
INFO:WDM:Driver [C:\Users\AJ_dell1\.wdm\drivers\chromedriver\win64\127.0.6533.119\chromedriver-win32/chromedriver.exe] found in cache
INFO:WDM:====== WebDriver manager ======
INFO:WDM:Get LATEST chromedriver version for google-chrome
INFO:WDM:Get LATEST chromedriver version for google-chrome
INFO:WDM:Driver [C:\Users\AJ_dell1\.wdm\drivers\chromedriver\win64\127.0.6533.119\chromedriver-win32/chromedriver.exe] found in cache
INFO:WDM:====== WebDriver manager ======
INFO:WDM:Get LATEST chromedriver version for google-chrome
INFO:WDM:Get LATEST chromedriver version for google-chrome
INFO:WDM:Driver [C:\Users\AJ_dell1\.wdm\drivers\chromedriver\win64\127.0.6533.119\chromedriver-win32/chromedriver.exe] found in cache
INFO:WDM:====== WebDriver manager ======
INFO:WDM:Get LATEST chromedriver version for google-chrome
INFO:WDM:Get LATEST chromedriver version for google-chrome
INFO:WDM:Driver [C:\Users\AJ_dell1\.wdm\drivers\chromedriver\win64\127.0.6533.119\chromedriver-win32/chromedriver.exe] found in cache
INFO:WDM:====== WebDriver manager ======
INFO:WDM:Get LATEST chromedriver version for google-chrome
INFO:WDM:Get LATEST chromedriver version for google-chrome
INFO:WDM:Driver [C:\Users\AJ_dell1\.wdm\drivers\chromedriver\win64\127.0.6533.119\chromedriver-win32/chromedriver.exe] found in cache
INFO:WDM:====== WebDriver manager ======
INFO:WDM:Get LATEST chromedriver version for google-chrome
INFO:WDM:Get LATEST chromedriver version for google-chrome
INFO:WDM:Driver [C:\Users\AJ_dell1\.wdm\drivers\chromedriver\win64\127.0.6533.119\chromedriver-win32/chromedriver.exe] found in cache
INFO:WDM:====== WebDriver manager ======
INFO:WDM:Get LATEST chromedriver version for google-chrome
INFO:WDM:Get LATEST chromedriver version for google-chrome
INFO:WDM:Driver [C:\Users\AJ_dell1\.wdm\drivers\chromedriver\win64\127.0.6533.119\chromedriver-win32/chromedriver.exe] found in cache
INFO:WDM:====== WebDriver manager ======
INFO:WDM:Get LATEST chromedriver version for google-chrome
INFO:WDM:Get LATEST chromedriver version for google-chrome
INFO:WDM:Driver [C:\Users\AJ_dell1\.wdm\drivers\chromedriver\win64\127.0.6533.119\chromedriver-win32/chromedriver.exe] found in cache
INFO:WDM:====== WebDriver manager ======
INFO:WDM:Get LATEST chromedriver version for google-chrome
INFO:WDM:Get LATEST chromedriver version for google-chrome
INFO:WDM:Driver [C:\Users\AJ_dell1\.wdm\drivers\chromedriver\win64\127.0.6533.119\chromedriver-win32/chromedriver.exe] found in cache
INFO:WDM:====== WebDriver manager ======
INFO:WDM:Get LATEST chromedriver version for google-chrome
INFO:WDM:Get LATEST chromedriver version for google-chrome
INFO:WDM:Driver [C:\Users\AJ_dell1\.wdm\drivers\chromedriver\win64\127.0.6533.119\chromedriver-win32/chromedriver.exe] found in cache
INFO:WDM:====== WebDriver manager ======
INFO:WDM:Get LATEST chromedriver version for google-chrome
INFO:WDM:Get LATEST chromedriver version for google-chrome
INFO:WDM:Driver [C:\Users\AJ_dell1\.wdm\drivers\chromedriver\win64\127.0.6533.119\chromedriver-win32/chromedriver.exe] found in cache
INFO:WDM:====== WebDriver manager ======
INFO:WDM:Get LATEST chromedriver version for google-chrome
INFO:WDM:Get LATEST chromedriver version for google-chrome
INFO:WDM:Driver [C:\Users\AJ_dell1\.wdm\drivers\chromedriver\win64\127.0.6533.119\chromedriver-win32/chromedriver.exe] found in cache
INFO:WDM:====== WebDriver manager ======
INFO:WDM:Get LATEST chromedriver version for google-chrome
INFO:WDM:Get LATEST chromedriver version for google-chrome
INFO:WDM:Driver [C:\Users\AJ_dell1\.wdm\drivers\chromedriver\win64\127.0.6533.119\chromedriver-win32/chromedriver.exe] found in cache
INFO:WDM:====== WebDriver manager ======
INFO:WDM:Get LATEST chromedriver version for google-chrome
INFO:WDM:Get LATEST chromedriver version for google-chrome
INFO:WDM:Driver [C:\Users\AJ_dell1\.wdm\drivers\chromedriver\win64\127.0.6533.119\chromedriver-win32/chromedriver.exe] found in cache
INFO:WDM:====== WebDriver manager ======
INFO:WDM:Get LATEST chromedriver version for google-chrome
INFO:WDM:Get LATEST chromedriver version for google-chrome
INFO:WDM:Driver [C:\Users\AJ_dell1\.wdm\drivers\chromedriver\win64\127.0.6533.119\chromedriver-win32/chromedriver.exe] found in cache
INFO:WDM:====== WebDriver manager ======
INFO:WDM:Get LATEST chromedriver version for google-chrome
INFO:WDM:Get LATEST chromedriver version for google-chrome
INFO:WDM:Driver [C:\Users\AJ_dell1\.wdm\drivers\chromedriver\win64\127.0.6533.119\chromedriver-win32/chromedriver.exe] found in cache
INFO:WDM:====== WebDriver manager ======
INFO:WDM:Get LATEST chromedriver version for google-chrome
INFO:WDM:Get LATEST chromedriver version for google-chrome
INFO:WDM:Driver [C:\Users\AJ_dell1\.wdm\drivers\chromedriver\win64\127.0.6533.119\chromedriver-win32/chromedriver.exe] found in cache
INFO:WDM:====== WebDriver manager ======
INFO:WDM:Get LATEST chromedriver version for google-chrome
INFO:WDM:Get LATEST chromedriver version for google-chrome
INFO:WDM:Driver [C:\Users\AJ_dell1\.wdm\drivers\chromedriver\win64\127.0.6533.119\chromedriver-win32/chromedriver.exe] found in cache
INFO:WDM:====== WebDriver manager ======
INFO:WDM:Get LATEST chromedriver version for google-chrome
INFO:WDM:Get LATEST chromedriver version for google-chrome
INFO:WDM:Driver [C:\Users\AJ_dell1\.wdm\drivers\chromedriver\win64\127.0.6533.119\chromedriver-win32/chromedriver.exe] found in cache
INFO:WDM:====== WebDriver manager ======
INFO:WDM:Get LATEST chromedriver version for google-chrome
INFO:WDM:Get LATEST chromedriver version for google-chrome
INFO:WDM:Driver [C:\Users\AJ_dell1\.wdm\drivers\chromedriver\win64\127.0.6533.119\chromedriver-win32/chromedriver.exe] found in cache
INFO:WDM:====== WebDriver manager ======
INFO:WDM:Get LATEST chromedriver version for google-chrome
INFO:WDM:Get LATEST chromedriver version for google-chrome
INFO:WDM:Driver [C:\Users\AJ_dell1\.wdm\drivers\chromedriver\win64\127.0.6533.119\chromedriver-win32/chromedriver.exe] found in cache
INFO:WDM:====== WebDriver manager ======
INFO:WDM:Get LATEST chromedriver version for google-chrome
INFO:WDM:Get LATEST chromedriver version for google-chrome
INFO:WDM:Driver [C:\Users\AJ_dell1\.wdm\drivers\chromedriver\win64\127.0.6533.119\chromedriver-win32/chromedriver.exe] found in cache
INFO:WDM:====== WebDriver manager ======
INFO:WDM:Get LATEST chromedriver version for google-chrome
INFO:WDM:Get LATEST chromedriver version for google-chrome
INFO:WDM:Driver [C:\Users\AJ_dell1\.wdm\drivers\chromedriver\win64\127.0.6533.119\chromedriver-win32/chromedriver.exe] found in cache
INFO:WDM:====== WebDriver manager ======
INFO:WDM:Get LATEST chromedriver version for google-chrome
INFO:WDM:Get LATEST chromedriver version for google-chrome
INFO:WDM:Driver [C:\Users\AJ_dell1\.wdm\drivers\chromedriver\win64\127.0.6533.119\chromedriver-win32/chromedriver.exe] found in cache
INFO:WDM:====== WebDriver manager ======
INFO:WDM:Get LATEST chromedriver version for google-chrome
INFO:WDM:Get LATEST chromedriver version for google-chrome
INFO:WDM:Driver [C:\Users\AJ_dell1\.wdm\drivers\chromedriver\win64\127.0.6533.119\chromedriver-win32/chromedriver.exe] found in cache
INFO:WDM:====== WebDriver manager ======
INFO:WDM:Get LATEST chromedriver version for google-chrome
INFO:WDM:Get LATEST chromedriver version for google-chrome
INFO:WDM:Driver [C:\Users\AJ_dell1\.wdm\drivers\chromedriver\win64\127.0.6533.119\chromedriver-win32/chromedriver.exe] found in cache
INFO:WDM:====== WebDriver manager ======
INFO:WDM:Get LATEST chromedriver version for google-chrome
INFO:WDM:Get LATEST chromedriver version for google-chrome
INFO:WDM:Driver [C:\Users\AJ_dell1\.wdm\drivers\chromedriver\win64\127.0.6533.119\chromedriver-win32/chromedriver.exe] found in cache
INFO:WDM:====== WebDriver manager ======
INFO:WDM:Get LATEST chromedriver version for google-chrome
INFO:WDM:Get LATEST chromedriver version for google-chrome
INFO:WDM:Driver [C:\Users\AJ_dell1\.wdm\drivers\chromedriver\win64\127.0.6533.119\chromedriver-win32/chromedriver.exe] found in cache
INFO:WDM:====== WebDriver manager ======
INFO:WDM:Get LATEST chromedriver version for google-chrome
INFO:WDM:Get LATEST chromedriver version for google-chrome
INFO:WDM:Driver [C:\Users\AJ_dell1\.wdm\drivers\chromedriver\win64\127.0.6533.119\chromedriver-win32/chromedriver.exe] found in cache
INFO:WDM:====== WebDriver manager ======
INFO:WDM:Get LATEST chromedriver version for google-chrome
INFO:WDM:Get LATEST chromedriver version for google-chrome
INFO:WDM:Driver [C:\Users\AJ_dell1\.wdm\drivers\chromedriver\win64\127.0.6533.119\chromedriver-win32/chromedriver.exe] found in cache
INFO:WDM:====== WebDriver manager ======
INFO:WDM:Get LATEST chromedriver version for google-chrome
INFO:WDM:Get LATEST chromedriver version for google-chrome
INFO:WDM:Driver [C:\Users\AJ_dell1\.wdm\drivers\chromedriver\win64\127.0.6533.119\chromedriver-win32/chromedriver.exe] found in cache
INFO:WDM:====== WebDriver manager ======
INFO:WDM:Get LATEST chromedriver version for google-chrome
INFO:WDM:Get LATEST chromedriver version for google-chrome
INFO:WDM:Driver [C:\Users\AJ_dell1\.wdm\drivers\chromedriver\win64\127.0.6533.119\chromedriver-win32/chromedriver.exe] found in cache
INFO:WDM:====== WebDriver manager ======
INFO:WDM:Get LATEST chromedriver version for google-chrome
INFO:WDM:Get LATEST chromedriver version for google-chrome
INFO:WDM:Driver [C:\Users\AJ_dell1\.wdm\drivers\chromedriver\win64\127.0.6533.119\chromedriver-win32/chromedriver.exe] found in cache
INFO:WDM:====== WebDriver manager ======
INFO:WDM:Get LATEST chromedriver version for google-chrome
INFO:WDM:Get LATEST chromedriver version for google-chrome
INFO:WDM:Driver [C:\Users\AJ_dell1\.wdm\drivers\chromedriver\win64\127.0.6533.119\chromedriver-win32/chromedriver.exe] found in cache
INFO:WDM:====== WebDriver manager ======
INFO:WDM:Get LATEST chromedriver version for google-chrome
INFO:WDM:Get LATEST chromedriver version for google-chrome
INFO:WDM:Driver [C:\Users\AJ_dell1\.wdm\drivers\chromedriver\win64\127.0.6533.119\chromedriver-win32/chromedriver.exe] found in cache
INFO:WDM:====== WebDriver manager ======
INFO:WDM:Get LATEST chromedriver version for google-chrome
INFO:WDM:Get LATEST chromedriver version for google-chrome
INFO:WDM:Driver [C:\Users\AJ_dell1\.wdm\drivers\chromedriver\win64\127.0.6533.119\chromedriver-win32/chromedriver.exe] found in cache
INFO:WDM:====== WebDriver manager ======
INFO:WDM:Get LATEST chromedriver version for google-chrome
INFO:WDM:Get LATEST chromedriver version for google-chrome
INFO:WDM:Driver [C:\Users\AJ_dell1\.wdm\drivers\chromedriver\win64\127.0.6533.119\chromedriver-win32/chromedriver.exe] found in cache
INFO:WDM:====== WebDriver manager ======
INFO:WDM:Get LATEST chromedriver version for google-chrome
INFO:WDM:Get LATEST chromedriver version for google-chrome
INFO:WDM:Driver [C:\Users\AJ_dell1\.wdm\drivers\chromedriver\win64\127.0.6533.119\chromedriver-win32/chromedriver.exe] found in cache
INFO:WDM:====== WebDriver manager ======
INFO:WDM:Get LATEST chromedriver version for google-chrome
INFO:WDM:Get LATEST chromedriver version for google-chrome
INFO:WDM:Driver [C:\Users\AJ_dell1\.wdm\drivers\chromedriver\win64\127.0.6533.119\chromedriver-win32/chromedriver.exe] found in cache
INFO:WDM:====== WebDriver manager ======
INFO:WDM:Get LATEST chromedriver version for google-chrome
INFO:WDM:Get LATEST chromedriver version for google-chrome
INFO:WDM:Driver [C:\Users\AJ_dell1\.wdm\drivers\chromedriver\win64\127.0.6533.119\chromedriver-win32/chromedriver.exe] found in cache
INFO:WDM:====== WebDriver manager ======
INFO:WDM:Get LATEST chromedriver version for google-chrome
INFO:WDM:Get LATEST chromedriver version for google-chrome
INFO:WDM:Driver [C:\Users\AJ_dell1\.wdm\drivers\chromedriver\win64\127.0.6533.119\chromedriver-win32/chromedriver.exe] found in cache
INFO:WDM:====== WebDriver manager ======
INFO:WDM:Get LATEST chromedriver version for google-chrome
INFO:WDM:Get LATEST chromedriver version for google-chrome
INFO:WDM:Driver [C:\Users\AJ_dell1\.wdm\drivers\chromedriver\win64\127.0.6533.119\chromedriver-win32/chromedriver.exe] found in cache
INFO:WDM:====== WebDriver manager ======
INFO:WDM:Get LATEST chromedriver version for google-chrome
INFO:WDM:Get LATEST chromedriver version for google-chrome
INFO:WDM:Driver [C:\Users\AJ_dell1\.wdm\drivers\chromedriver\win64\127.0.6533.119\chromedriver-win32/chromedriver.exe] found in cache
INFO:WDM:====== WebDriver manager ======
INFO:WDM:Get LATEST chromedriver version for google-chrome
INFO:WDM:Get LATEST chromedriver version for google-chrome
INFO:WDM:Driver [C:\Users\AJ_dell1\.wdm\drivers\chromedriver\win64\127.0.6533.119\chromedriver-win32/chromedriver.exe] found in cache
INFO:WDM:====== WebDriver manager ======
INFO:WDM:Get LATEST chromedriver version for google-chrome
INFO:WDM:Get LATEST chromedriver version for google-chrome
INFO:WDM:Driver [C:\Users\AJ_dell1\.wdm\drivers\chromedriver\win64\127.0.6533.119\chromedriver-win32/chromedriver.exe] found in cache
INFO:WDM:====== WebDriver manager ======
INFO:WDM:Get LATEST chromedriver version for google-chrome
INFO:WDM:Get LATEST chromedriver version for google-chrome
INFO:WDM:Driver [C:\Users\AJ_dell1\.wdm\drivers\chromedriver\win64\127.0.6533.119\chromedriver-win32/chromedriver.exe] found in cache
INFO:WDM:====== WebDriver manager ======
INFO:WDM:Get LATEST chromedriver version for google-chrome
INFO:WDM:Get LATEST chromedriver version for google-chrome
INFO:WDM:Driver [C:\Users\AJ_dell1\.wdm\drivers\chromedriver\win64\127.0.6533.119\chromedriver-win32/chromedriver.exe] found in cache
INFO:WDM:====== WebDriver manager ======
INFO:WDM:Get LATEST chromedriver version for google-chrome
INFO:WDM:Get LATEST chromedriver version for google-chrome
INFO:WDM:Driver [C:\Users\AJ_dell1\.wdm\drivers\chromedriver\win64\127.0.6533.119\chromedriver-win32/chromedriver.exe] found in cache
INFO:WDM:====== WebDriver manager ======
INFO:WDM:Get LATEST chromedriver version for google-chrome
INFO:WDM:Get LATEST chromedriver version for google-chrome
INFO:WDM:Driver [C:\Users\AJ_dell1\.wdm\drivers\chromedriver\win64\127.0.6533.119\chromedriver-win32/chromedriver.exe] found in cache
INFO:WDM:====== WebDriver manager ======
INFO:WDM:Get LATEST chromedriver version for google-chrome
INFO:WDM:Get LATEST chromedriver version for google-chrome
INFO:WDM:Driver [C:\Users\AJ_dell1\.wdm\drivers\chromedriver\win64\127.0.6533.119\chromedriver-win32/chromedriver.exe] found in cache
INFO:WDM:====== WebDriver manager ======
INFO:WDM:Get LATEST chromedriver version for google-chrome
INFO:WDM:Get LATEST chromedriver version for google-chrome
INFO:WDM:Driver [C:\Users\AJ_dell1\.wdm\drivers\chromedriver\win64\127.0.6533.119\chromedriver-win32/chromedriver.exe] found in cache
INFO:WDM:====== WebDriver manager ======
INFO:WDM:Get LATEST chromedriver version for google-chrome
INFO:WDM:Get LATEST chromedriver version for google-chrome
INFO:WDM:Driver [C:\Users\AJ_dell1\.wdm\drivers\chromedriver\win64\127.0.6533.119\chromedriver-win32/chromedriver.exe] found in cache
INFO:WDM:====== WebDriver manager ======
INFO:WDM:Get LATEST chromedriver version for google-chrome
INFO:WDM:Get LATEST chromedriver version for google-chrome
INFO:WDM:Driver [C:\Users\AJ_dell1\.wdm\drivers\chromedriver\win64\127.0.6533.119\chromedriver-win32/chromedriver.exe] found in cache
INFO:WDM:====== WebDriver manager ======
INFO:WDM:Get LATEST chromedriver version for google-chrome
INFO:WDM:Get LATEST chromedriver version for google-chrome
INFO:WDM:Driver [C:\Users\AJ_dell1\.wdm\drivers\chromedriver\win64\127.0.6533.119\chromedriver-win32/chromedriver.exe] found in cache
INFO:root:New doc: 11001032600020240016700 - https://sacsjsamai1.blob.core.windows.net/1100103/11001032600020240016700/146_Autoquedispon_272223VF_0_20260210155839568.pdf?sv=2026-02-06&spr=https&se=2026-02-13T18%3A32%3A16Z&sr=b&sp=r&rscd=attachment%3B+filename%3D146_Autoquedispon_272223VF_0_20260210155839568.pdf&rsct=application%2Fpdf&sig=29RdaCBzwSSY0jg43IJ5V3Ud4xkiz2eNbf80cMfVHx8%3D
INFO:WDM:====== WebDriver manager ======
INFO:WDM:Get LATEST chromedriver version for google-chrome
INFO:WDM:Get LATEST chromedriver version for google-chrome
INFO:WDM:Driver [C:\Users\AJ_dell1\.wdm\drivers\chromedriver\win64\127.0.6533.119\chromedriver-win32/chromedriver.exe] found in cache
INFO:root:New doc: 11001032600020240016700 - https://sacsjsamai1.blob.core.windows.net/1100103/11001032600020240016700/146_Autoquedispon_272223VF_0_20260210155839568.pdf?sv=2026-02-06&spr=https&se=2026-02-13T18%3A33%3A53Z&sr=b&sp=r&rscd=attachment%3B+filename%3D146_Autoquedispon_272223VF_0_20260210155839568.pdf&rsct=application%2Fpdf&sig=GVC%2FEk3k1VWDqXjls%2BoheGqLJqva0p0zvyI5JIVMiVY%3D
INFO:WDM:====== WebDriver manager ======
INFO:WDM:Get LATEST chromedriver version for google-chrome
INFO:WDM:Get LATEST chromedriver version for google-chrome
INFO:WDM:Driver [C:\Users\AJ_dell1\.wdm\drivers\chromedriver\win64\127.0.6533.119\chromedriver-win32/chromedriver.exe] found in cache
INFO:root:New doc: 11001032600020240016700 - https://sacsjsamai1.blob.core.windows.net/1100103/11001032600020240016700/146_Autoquedispon_272223VF_0_20260210155839568.pdf?sv=2026-02-06&spr=https&se=2026-02-13T18%3A34%3A56Z&sr=b&sp=r&rscd=attachment%3B+filename%3D146_Autoquedispon_272223VF_0_20260210155839568.pdf&rsct=application%2Fpdf&sig=nbtwCW0guV3%2FToUf%2FPDQ%2Fd89JLX4CUwHU2tYCCtpL7E%3D
INFO:root:New doc: 25000233600020230008901 - https://sacsjsamai1.blob.core.windows.net/1100103/25000233600020230008901/3_Autoquerechaz_73508Rechazaapelacio_0_20260209095037751.pdf?sv=2026-02-06&spr=https&se=2026-02-13T18%3A34%3A59Z&sr=b&sp=r&rscd=attachment%3B+filename%3D3_Autoquerechaz_73508Rechazaapelacio_0_20260209095037751.pdf&rsct=application%2Fpdf&sig=Z9%2FWxIvp9m2cs%2FIDP9MjHvoGB%2B2Jnae2ShOlr135gtw%3D
INFO:WDM:====== WebDriver manager ======
INFO:WDM:Get LATEST chromedriver version for google-chrome
INFO:WDM:Get LATEST chromedriver version for google-chrome
INFO:WDM:Driver [C:\Users\AJ_dell1\.wdm\drivers\chromedriver\win64\127.0.6533.119\chromedriver-win32/chromedriver.exe] found in cache
INFO:root:New doc: 11001032600020240016700 - https://sacsjsamai1.blob.core.windows.net/1100103/11001032600020240016700/146_Autoquedispon_272223VF_0_20260210155839568.pdf?sv=2026-02-06&spr=https&se=2026-02-13T19%3A34%3A17Z&sr=b&sp=r&rscd=attachment%3B+filename%3D146_Autoquedispon_272223VF_0_20260210155839568.pdf&rsct=application%2Fpdf&sig=wFiPGs9BSVZ8qMt9fIP29KejGV60jXsk2mht40O3k%2Bw%3D
INFO:root:New doc: 25000233600020230008901 - https://sacsjsamai1.blob.core.windows.net/1100103/25000233600020230008901/3_Autoquerechaz_73508Rechazaapelacio_0_20260209095037751.pdf?sv=2026-02-06&spr=https&se=2026-02-13T19%3A34%3A18Z&sr=b&sp=r&rscd=attachment%3B+filename%3D3_Autoquerechaz_73508Rechazaapelacio_0_20260209095037751.pdf&rsct=application%2Fpdf&sig=MpwL1BAqRjVwECMU0jkSxJrGkpYjAr7vUA7VbyGdvts%3D
INFO:WDM:====== WebDriver manager ======
INFO:WDM:Get LATEST chromedriver version for google-chrome
INFO:WDM:Get LATEST chromedriver version for google-chrome
INFO:WDM:Driver [C:\Users\AJ_dell1\.wdm\drivers\chromedriver\win64\127.0.6533.119\chromedriver-win32/chromedriver.exe] found in cache
INFO:root:Scraping Consejo de estado...
INFO:root:New doc: 11001032600020240016700 - https://sacsjsamai1.blob.core.windows.net/1100103/11001032600020240016700/146_Autoquedispon_272223VF_0_20260210155839568.pdf?sv=2026-02-06&spr=https&se=2026-02-13T19%3A35%3A50Z&sr=b&sp=r&rscd=attachment%3B+filename%3D146_Autoquedispon_272223VF_0_20260210155839568.pdf&rsct=application%2Fpdf&sig=iImjGhOBl2xbh8AIy9%2Fq7SWTVQHEHxoB%2BeIfQqGUgro%3D
INFO:root:New doc: 25000233600020230008901 - https://sacsjsamai1.blob.core.windows.net/1100103/25000233600020230008901/3_Autoquerechaz_73508Rechazaapelacio_0_20260209095037751.pdf?sv=2026-02-06&spr=https&se=2026-02-13T19%3A35%3A50Z&sr=b&sp=r&rscd=attachment%3B+filename%3D3_Autoquerechaz_73508Rechazaapelacio_0_20260209095037751.pdf&rsct=application%2Fpdf&sig=r48kmrbNf2yduuhhwe9ee0E0HwoZEQHdvIRszN%2FBkLc%3D
INFO:root:Scraping Corte Constitucional...
INFO:WDM:====== WebDriver manager ======
INFO:WDM:Get LATEST chromedriver version for google-chrome
INFO:WDM:Get LATEST chromedriver version for google-chrome
INFO:WDM:Driver [C:\Users\AJ_dell1\.wdm\drivers\chromedriver\win64\127.0.6533.119\chromedriver-win32/chromedriver.exe] found in cache
INFO:root:Scraping Consejo de estado...
INFO:WDM:====== WebDriver manager ======
INFO:WDM:Get LATEST chromedriver version for google-chrome
INFO:WDM:Get LATEST chromedriver version for google-chrome
INFO:WDM:Driver [C:\Users\AJ_dell1\.wdm\drivers\chromedriver\win64\127.0.6533.119\chromedriver-win32/chromedriver.exe] found in cache
INFO:root:Scraping Consejo de estado...
INFO:WDM:====== WebDriver manager ======
INFO:WDM:Get LATEST chromedriver version for google-chrome
INFO:WDM:Get LATEST chromedriver version for google-chrome
INFO:WDM:Driver [C:\Users\AJ_dell1\.wdm\drivers\chromedriver\win64\127.0.6533.119\chromedriver-win32/chromedriver.exe] found in cache
INFO:root:Scraping Consejo de estado...
INFO:WDM:====== WebDriver manager ======
INFO:WDM:Get LATEST chromedriver version for google-chrome
INFO:WDM:Get LATEST chromedriver version for google-chrome
INFO:WDM:Driver [C:\Users\AJ_dell1\.wdm\drivers\chromedriver\win64\127.0.6533.119\chromedriver-win32/chromedriver.exe] found in cache
INFO:root:Scraping Consejo de estado...
INFO:WDM:====== WebDriver manager ======
INFO:WDM:Get LATEST chromedriver version for google-chrome
INFO:WDM:Get LATEST chromedriver version for google-chrome
INFO:WDM:Driver [C:\Users\AJ_dell1\.wdm\drivers\chromedriver\win64\127.0.6533.119\chromedriver-win32/chromedriver.exe] found in cache
INFO:root:Scraping Consejo de estado...
INFO:WDM:====== WebDriver manager ======
INFO:WDM:Get LATEST chromedriver version for google-chrome
INFO:WDM:Get LATEST chromedriver version for google-chrome
INFO:WDM:Driver [C:\Users\AJ_dell1\.wdm\drivers\chromedriver\win64\127.0.6533.119\chromedriver-win32/chromedriver.exe] found in cache
INFO:root:Scraping Consejo de estado...
INFO:WDM:====== WebDriver manager ======
INFO:WDM:Get LATEST chromedriver version for google-chrome
INFO:WDM:Get LATEST chromedriver version for google-chrome
INFO:WDM:Driver [C:\Users\AJ_dell1\.wdm\drivers\chromedriver\win64\127.0.6533.119\chromedriver-win32/chromedriver.exe] found in cache
INFO:root:Scraping Consejo de estado...
INFO:root:New doc: 11001032600020240016700 - https://sacsjsamai1.blob.core.windows.net/1100103/11001032600020240016700/146_Autoquedispon_272223VF_0_20260210155839568.pdf?sv=2026-02-06&spr=https&se=2026-02-13T19%3A55%3A12Z&sr=b&sp=r&rscd=attachment%3B+filename%3D146_Autoquedispon_272223VF_0_20260210155839568.pdf&rsct=application%2Fpdf&sig=%2BcFPM77jesvVxERzd3i5d6h%2FSgopVtH6U92AO18lLWM%3D
INFO:root:New doc: 25000233600020230008901 - https://sacsjsamai1.blob.core.windows.net/1100103/25000233600020230008901/3_Autoquerechaz_73508Rechazaapelacio_0_20260209095037751.pdf?sv=2026-02-06&spr=https&se=2026-02-13T19%3A55%3A17Z&sr=b&sp=r&rscd=attachment%3B+filename%3D3_Autoquerechaz_73508Rechazaapelacio_0_20260209095037751.pdf&rsct=application%2Fpdf&sig=a3EH7OSMi%2BcgqlN%2FCJpHNpC3MnHAD%2FE6%2BJ8m7qvCJgs%3D
INFO:root:New doc: 11001032600020250016800 - https://sacsjsamai1.blob.core.windows.net/1100103/11001032600020250016800/5_Autoqueadmite_73837Fundacionparael_0_20260206113811919.pdf?sv=2026-02-06&spr=https&se=2026-02-13T19%3A55%3A19Z&sr=b&sp=r&rscd=attachment%3B+filename%3D5_Autoqueadmite_73837Fundacionparael_0_20260206113811919.pdf&rsct=application%2Fpdf&sig=YyX1rahWIwtQvzJauXWObNKGNh8iWLyAubxo46NDSxc%3D
INFO:root:New doc: 70001233300020200024302 - https://sacsjsamai1.blob.core.windows.net/1100103/70001233300020200024302/3_Autoqueadmite_73498LiliaInesUribeG_0_20260206120127775.pdf?sv=2026-02-06&spr=https&se=2026-02-13T19%3A55%3A21Z&sr=b&sp=r&rscd=attachment%3B+filename%3D3_Autoqueadmite_73498LiliaInesUribeG_0_20260206120127775.pdf&rsct=application%2Fpdf&sig=E6p8JUgKs6c6kX54yUQF5RxynD9VxNBnr9WqyzQH4Cg%3D
INFO:root:New doc: 11001032800020260001100 - https://sacsjsamai1.blob.core.windows.net/1100103/11001032800020260001100/12_Autoqueinadmi_2026011Inadmisoriogo_0_20260205100132848.pdf?sv=2026-02-06&spr=https&se=2026-02-13T19%3A55%3A23Z&sr=b&sp=r&rscd=attachment%3B+filename%3D12_Autoqueinadmi_2026011Inadmisoriogo_0_20260205100132848.pdf&rsct=application%2Fpdf&sig=aLhOOxylRkIxAasBAwcTIYT3gtK3HJM69%2FOXkwyhx%2BY%3D
INFO:root:New doc: 25000234100020240154001 - https://sacsjsamai1.blob.core.windows.net/1100103/25000234100020240154001/23_Autoqueresuel_202401540resuelvesol_0_20260205144511657.pdf?sv=2026-02-06&spr=https&se=2026-02-13T19%3A55%3A25Z&sr=b&sp=r&rscd=attachment%3B+filename%3D23_Autoqueresuel_202401540resuelvesol_0_20260205144511657.pdf&rsct=application%2Fpdf&sig=8p2br9mNfcIy2UF0RkspgTlrxTvuuvSSvxiGnMk%2Fs4c%3D
INFO:root:New doc: 11001031500020260066300 - https://sacsjsamai1.blob.core.windows.net/1100103/11001031500020260066300/7_Autoquedeclar_20260066300HUMBERTOE_0_20260203142505928.pdf?sv=2026-02-06&spr=https&se=2026-02-13T19%3A55%3A27Z&sr=b&sp=r&rscd=attachment%3B+filename%3D7_Autoquedeclar_20260066300HUMBERTOE_0_20260203142505928.pdf&rsct=application%2Fpdf&sig=5RnZmnpCD7Nhr5Ml7vbcj%2BaBrIzGnGC3lyLS2SRLyCk%3D
INFO:root:New doc: 11001032600020170007800 - https://sacsjsamai1.blob.core.windows.net/1100103/11001032600020170007800/195_Autoqueresuel_59379RESUELVEIMPEDIM_0_20260203110119656.pdf?sv=2026-02-06&spr=https&se=2026-02-13T19%3A55%3A28Z&sr=b&sp=r&rscd=attachment%3B+filename%3D195_Autoqueresuel_59379RESUELVEIMPEDIM_0_20260203110119656.pdf&rsct=application%2Fpdf&sig=E6cS%2FP%2B3fNz5ZMxgMJ3Xu40UJxTwfDA5%2FPk9dW7fRzw%3D
INFO:root:New doc: 11001032600020220013600 - https://sacsjsamai1.blob.core.windows.net/1100103/11001032600020220013600/39_Autoqueresuel_68568Designacuradora_0_20260203151730052.pdf?sv=2026-02-06&spr=https&se=2026-02-13T19%3A55%3A29Z&sr=b&sp=r&rscd=attachment%3B+filename%3D39_Autoqueresuel_68568Designacuradora_0_20260203151730052.pdf&rsct=application%2Fpdf&sig=8M8Kf30FfC2%2F39%2FlE1e4MBm35nMbebARqXVPAN5hNsk%3D
INFO:root:New doc: 11001032600020250006900 - https://sacsjsamai1.blob.core.windows.net/1100103/11001032600020250006900/301_Autoqueaprueb_72982ApruebaLiquidac_0_20260203152103726.pdf?sv=2026-02-06&spr=https&se=2026-02-13T19%3A55%3A30Z&sr=b&sp=r&rscd=attachment%3B+filename%3D301_Autoqueaprueb_72982ApruebaLiquidac_0_20260203152103726.pdf&rsct=application%2Fpdf&sig=9YiTMzpdfus6PodnZbE9wc33YTXu0Zghy00TkEHh2Kk%3D
INFO:root:New doc: 08001233100020100094301 - https://sacsjsamai1.blob.core.windows.net/1100103/08001233100020100094301/36_Autoqueresuel_63774Impulso_VF_0_20260202172438933.pdf?sv=2026-02-06&spr=https&se=2026-02-13T19%3A55%3A33Z&sr=b&sp=r&rscd=attachment%3B+filename%3D36_Autoqueresuel_63774Impulso_VF_0_20260202172438933.pdf&rsct=application%2Fpdf&sig=v%2B0wVDFURibYDmLHppL%2BU4kHAtdUuv0%2B%2BoljZLJajVY%3D
INFO:root:New doc: 11001031500020250802900 - https://sacsjsamai1.blob.core.windows.net/1100103/11001031500020250802900/7_Autoquedeclar_APa2025802900DavidGe_0_20260202091900584.pdf?sv=2026-02-06&spr=https&se=2026-02-13T19%3A55%3A35Z&sr=b&sp=r&rscd=attachment%3B+filename%3D7_Autoquedeclar_APa2025802900DavidGe_0_20260202091900584.pdf&rsct=application%2Fpdf&sig=h5b%2FNAUlojKqcWb9eKF%2BH7O%2BTBgBHWGGr4VwvpzDqqM%3D
INFO:root:New doc: 11001031500020260057900 - https://sacsjsamai1.blob.core.windows.net/1100103/11001031500020260057900/7_Autoquedeclar_Camila20250057900Mar_0_20260202173017812.pdf?sv=2026-02-06&spr=https&se=2026-02-13T19%3A55%3A37Z&sr=b&sp=r&rscd=attachment%3B+filename%3D7_Autoquedeclar_Camila20250057900Mar_0_20260202173017812.pdf&rsct=application%2Fpdf&sig=Z2TY4SiRtQD2ojGPSCXNUH%2F3UUSw1sdqKOdMHSdOEl0%3D
INFO:root:New doc: 11001032500020130111700 - https://sacsjsamai1.blob.core.windows.net/1100103/11001032500020130111700/51_Autoquedispon_PARASENT_CA26392013Autoordena_0_20260202141050090.pdf?sv=2026-02-06&spr=https&se=2026-02-13T19%3A55%3A41Z&sr=b&sp=r&rscd=attachment%3B+filename%3D51_Autoquedispon_PARASENT_CA26392013Autoordena_0_20260202141050090.pdf&rsct=application%2Fpdf&sig=tyS1d0XcU4rirGjkO9twLZQEBgyQPSMOy86jB6Pub0c%3D
INFO:root:New doc: 11001032500020130114100 - https://sacsjsamai1.blob.core.windows.net/1100103/11001032500020130114100/54_Autoquedispon_PARASENT_CA27392013Autoordena_0_20260202143002209.pdf?sv=2026-02-06&spr=https&se=2026-02-13T19%3A55%3A43Z&sr=b&sp=r&rscd=attachment%3B+filename%3D54_Autoquedispon_PARASENT_CA27392013Autoordena_0_20260202143002209.pdf&rsct=application%2Fpdf&sig=U0OSnOZ2d78CNCZ8QTUvnN3vTrceno%2F1pqpCEwdi1Xk%3D
INFO:root:New doc: 11001032600020230014500 - https://sacsjsamai1.blob.core.windows.net/1100103/11001032600020230014500/64_Autoquedecret_202300145_PruebasRER_0_20260202171857342.pdf?sv=2026-02-06&spr=https&se=2026-02-13T19%3A55%3A46Z&sr=b&sp=r&rscd=attachment%3B+filename%3D64_Autoquedecret_202300145_PruebasRER_0_20260202171857342.pdf&rsct=application%2Fpdf&sig=PhQDfPcueXKVfetnuuCq9o5puHTTDhaa1brJXfuMd30%3D
INFO:root:New doc: 11001032600020250017000 - https://sacsjsamai1.blob.core.windows.net/1100103/11001032600020250017000/36_Autoquedeclar_73840_0_20260204093237483.pdf?sv=2026-02-06&spr=https&se=2026-02-13T19%3A55%3A48Z&sr=b&sp=r&rscd=attachment%3B+filename%3D36_Autoquedeclar_73840_0_20260204093237483.pdf&rsct=application%2Fpdf&sig=ONFmXh8a1OrRsQYN3zP%2BP6cUof0AJv9kv%2FknA91%2BKGY%3D
INFO:root:New doc: 11001032800020250013700 - https://sacsjsamai1.blob.core.windows.net/1100103/11001032800020250013700/82_Autoqueresuel_20250013700Resulever_0_20260202173516043.pdf?sv=2026-02-06&spr=https&se=2026-02-13T19%3A55%3A50Z&sr=b&sp=r&rscd=attachment%3B+filename%3D82_Autoqueresuel_20250013700Resulever_0_20260202173516043.pdf&rsct=application%2Fpdf&sig=7KQboUalDtc6H7G2VW8zAQK5Ruzj3VpfpZ3Po2p%2BuwA%3D
INFO:root:New doc: 68001233100020010222701 - https://sacsjsamai1.blob.core.windows.net/1100103/68001233100020010222701/31_Autoqueresuel_42342Impulso_VF_0_20260202172059785.pdf?sv=2026-02-06&spr=https&se=2026-02-13T19%3A55%3A52Z&sr=b&sp=r&rscd=attachment%3B+filename%3D31_Autoqueresuel_42342Impulso_VF_0_20260202172059785.pdf&rsct=application%2Fpdf&sig=g%2FB2pTf60BLOXwZ8RDsyS68DlIf4n4qdM%2Bo06U7CKHA%3D
INFO:root:Scraping Corte Constitucional...
INFO:root:New doc: T-019/26 - https://www.corteconstitucional.gov.co/sentencias/2026/T-019-26.rtf
INFO:root:New doc: T-010/26 - https://www.corteconstitucional.gov.co/sentencias/2026/T-010-26.rtf
INFO:root:New doc: T-012/26 - https://www.corteconstitucional.gov.co/sentencias/2026/T-012-26.rtf
INFO:WDM:====== WebDriver manager ======
INFO:WDM:Get LATEST chromedriver version for google-chrome
INFO:WDM:Get LATEST chromedriver version for google-chrome
INFO:WDM:Driver [C:\Users\AJ_dell1\.wdm\drivers\chromedriver\win64\127.0.6533.119\chromedriver-win32/chromedriver.exe] found in cache
INFO:root:Scraping Corte Suprema de justicia...
INFO:WDM:====== WebDriver manager ======
INFO:WDM:Get LATEST chromedriver version for google-chrome
INFO:WDM:Get LATEST chromedriver version for google-chrome
INFO:WDM:Driver [C:\Users\AJ_dell1\.wdm\drivers\chromedriver\win64\127.0.6533.119\chromedriver-win32/chromedriver.exe] found in cache
INFO:root:Scraping Consejo de estado...
INFO:root:New doc: 11001032600020240016700 - https://sacsjsamai1.blob.core.windows.net/1100103/11001032600020240016700/146_Autoquedispon_272223VF_0_20260210155839568.pdf?sv=2026-02-06&spr=https&se=2026-02-13T21%3A00%3A19Z&sr=b&sp=r&rscd=attachment%3B+filename%3D146_Autoquedispon_272223VF_0_20260210155839568.pdf&rsct=application%2Fpdf&sig=zrnuDakUZ5%2BSIs%2FKYPSf1dAnShrl9vXSviBYFWJKewE%3D
INFO:root:New doc: 25000233600020230008901 - https://sacsjsamai1.blob.core.windows.net/1100103/25000233600020230008901/3_Autoquerechaz_73508Rechazaapelacio_0_20260209095037751.pdf?sv=2026-02-06&spr=https&se=2026-02-13T21%3A00%3A20Z&sr=b&sp=r&rscd=attachment%3B+filename%3D3_Autoquerechaz_73508Rechazaapelacio_0_20260209095037751.pdf&rsct=application%2Fpdf&sig=IManiP%2FOiOUwKeJLR9W4TFLjiCvOLitVxrxNSPm%2FSjg%3D
INFO:root:New doc: 11001032600020250016800 - https://sacsjsamai1.blob.core.windows.net/1100103/11001032600020250016800/5_Autoqueadmite_73837Fundacionparael_0_20260206113811919.pdf?sv=2026-02-06&spr=https&se=2026-02-13T21%3A00%3A22Z&sr=b&sp=r&rscd=attachment%3B+filename%3D5_Autoqueadmite_73837Fundacionparael_0_20260206113811919.pdf&rsct=application%2Fpdf&sig=8emkKj2yPb4UZWAaZvGfKHeN9aTdu2PTeeSRTTp%2Bf6w%3D
INFO:root:New doc: 70001233300020200024302 - https://sacsjsamai1.blob.core.windows.net/1100103/70001233300020200024302/3_Autoqueadmite_73498LiliaInesUribeG_0_20260206120127775.pdf?sv=2026-02-06&spr=https&se=2026-02-13T21%3A00%3A22Z&sr=b&sp=r&rscd=attachment%3B+filename%3D3_Autoqueadmite_73498LiliaInesUribeG_0_20260206120127775.pdf&rsct=application%2Fpdf&sig=GoswWP8avkkXw9XLeOK5Vkrdj2elFtmG%2FCMZe7R1ABo%3D
INFO:root:New doc: 11001032800020260001100 - https://sacsjsamai1.blob.core.windows.net/1100103/11001032800020260001100/12_Autoqueinadmi_2026011Inadmisoriogo_0_20260205100132848.pdf?sv=2026-02-06&spr=https&se=2026-02-13T21%3A00%3A23Z&sr=b&sp=r&rscd=attachment%3B+filename%3D12_Autoqueinadmi_2026011Inadmisoriogo_0_20260205100132848.pdf&rsct=application%2Fpdf&sig=oG0cI3RPpUHjsTsJ6YGDrzdeZuooJTf7X018JyRyqx4%3D
INFO:root:New doc: 25000234100020240154001 - https://sacsjsamai1.blob.core.windows.net/1100103/25000234100020240154001/23_Autoqueresuel_202401540resuelvesol_0_20260205144511657.pdf?sv=2026-02-06&spr=https&se=2026-02-13T21%3A00%3A23Z&sr=b&sp=r&rscd=attachment%3B+filename%3D23_Autoqueresuel_202401540resuelvesol_0_20260205144511657.pdf&rsct=application%2Fpdf&sig=aBJ9eYvBhTXnH9Ef1TIoOR9wIk%2FodPMt0mMERg4zFeo%3D
INFO:root:New doc: 11001031500020260066300 - https://sacsjsamai1.blob.core.windows.net/1100103/11001031500020260066300/7_Autoquedeclar_20260066300HUMBERTOE_0_20260203142505928.pdf?sv=2026-02-06&spr=https&se=2026-02-13T21%3A00%3A25Z&sr=b&sp=r&rscd=attachment%3B+filename%3D7_Autoquedeclar_20260066300HUMBERTOE_0_20260203142505928.pdf&rsct=application%2Fpdf&sig=Eom2SE5ChrPi%2BHdGOwau3nvWT2BH%2Fc4HGdJO6MbVExM%3D
INFO:root:New doc: 11001032600020170007800 - https://sacsjsamai1.blob.core.windows.net/1100103/11001032600020170007800/195_Autoqueresuel_59379RESUELVEIMPEDIM_0_20260203110119656.pdf?sv=2026-02-06&spr=https&se=2026-02-13T21%3A00%3A25Z&sr=b&sp=r&rscd=attachment%3B+filename%3D195_Autoqueresuel_59379RESUELVEIMPEDIM_0_20260203110119656.pdf&rsct=application%2Fpdf&sig=M4WC0dpYYG4SoUAJzLt2DNvEZ%2Fm7GtTyQyVIOi42P0w%3D
INFO:root:New doc: 11001032600020220013600 - https://sacsjsamai1.blob.core.windows.net/1100103/11001032600020220013600/39_Autoqueresuel_68568Designacuradora_0_20260203151730052.pdf?sv=2026-02-06&spr=https&se=2026-02-13T21%3A00%3A25Z&sr=b&sp=r&rscd=attachment%3B+filename%3D39_Autoqueresuel_68568Designacuradora_0_20260203151730052.pdf&rsct=application%2Fpdf&sig=S0myVrBTrwR16LbwX6fSki20l5OU7hnsKXoO%2F2Iik%2BA%3D
INFO:root:New doc: 11001032600020250006900 - https://sacsjsamai1.blob.core.windows.net/1100103/11001032600020250006900/301_Autoqueaprueb_72982ApruebaLiquidac_0_20260203152103726.pdf?sv=2026-02-06&spr=https&se=2026-02-13T21%3A00%3A26Z&sr=b&sp=r&rscd=attachment%3B+filename%3D301_Autoqueaprueb_72982ApruebaLiquidac_0_20260203152103726.pdf&rsct=application%2Fpdf&sig=%2FeB%2BM2dP3ibl3qtQRpeBMqrSkbWR5iPKRx1cszy%2BrDM%3D
INFO:root:New doc: 08001233100020100094301 - https://sacsjsamai1.blob.core.windows.net/1100103/08001233100020100094301/36_Autoqueresuel_63774Impulso_VF_0_20260202172438933.pdf?sv=2026-02-06&spr=https&se=2026-02-13T21%3A00%3A28Z&sr=b&sp=r&rscd=attachment%3B+filename%3D36_Autoqueresuel_63774Impulso_VF_0_20260202172438933.pdf&rsct=application%2Fpdf&sig=cslxugUIcHjnZTzVU%2FkuGXGEFlnEhPzaHU%2F8S8oHoV4%3D
INFO:root:New doc: 11001031500020250802900 - https://sacsjsamai1.blob.core.windows.net/1100103/11001031500020250802900/7_Autoquedeclar_APa2025802900DavidGe_0_20260202091900584.pdf?sv=2026-02-06&spr=https&se=2026-02-13T21%3A00%3A30Z&sr=b&sp=r&rscd=attachment%3B+filename%3D7_Autoquedeclar_APa2025802900DavidGe_0_20260202091900584.pdf&rsct=application%2Fpdf&sig=bkrPnMT4u0uWS2TGU%2BZD2wkYIeSbHAvKiy6RS1eNRvk%3D
INFO:root:New doc: 11001031500020260057900 - https://sacsjsamai1.blob.core.windows.net/1100103/11001031500020260057900/7_Autoquedeclar_Camila20250057900Mar_0_20260202173017812.pdf?sv=2026-02-06&spr=https&se=2026-02-13T21%3A00%3A30Z&sr=b&sp=r&rscd=attachment%3B+filename%3D7_Autoquedeclar_Camila20250057900Mar_0_20260202173017812.pdf&rsct=application%2Fpdf&sig=AFhhhDu66LZ7tRiUZJehXgced3qgA1kkQHYu95TqEsc%3D
INFO:root:New doc: 11001032500020130111700 - https://sacsjsamai1.blob.core.windows.net/1100103/11001032500020130111700/51_Autoquedispon_PARASENT_CA26392013Autoordena_0_20260202141050090.pdf?sv=2026-02-06&spr=https&se=2026-02-13T21%3A00%3A31Z&sr=b&sp=r&rscd=attachment%3B+filename%3D51_Autoquedispon_PARASENT_CA26392013Autoordena_0_20260202141050090.pdf&rsct=application%2Fpdf&sig=hpuQRxnRw2Q7GA%2F9083gHuAGNEo%2FlWsXBgNAZdhvjPo%3D
INFO:root:New doc: 11001032500020130114100 - https://sacsjsamai1.blob.core.windows.net/1100103/11001032500020130114100/54_Autoquedispon_PARASENT_CA27392013Autoordena_0_20260202143002209.pdf?sv=2026-02-06&spr=https&se=2026-02-13T21%3A00%3A31Z&sr=b&sp=r&rscd=attachment%3B+filename%3D54_Autoquedispon_PARASENT_CA27392013Autoordena_0_20260202143002209.pdf&rsct=application%2Fpdf&sig=uSr%2FVlLjXCLQMV6qEFnJqfdxRMKf3c8r6xVk4YEmH%2F0%3D
INFO:root:New doc: 11001032600020230014500 - https://sacsjsamai1.blob.core.windows.net/1100103/11001032600020230014500/64_Autoquedecret_202300145_PruebasRER_0_20260202171857342.pdf?sv=2026-02-06&spr=https&se=2026-02-13T21%3A00%3A32Z&sr=b&sp=r&rscd=attachment%3B+filename%3D64_Autoquedecret_202300145_PruebasRER_0_20260202171857342.pdf&rsct=application%2Fpdf&sig=Y1AP7ND0FgC9rRhz0gHiR66UtLunFgMzbZEylZzHwAU%3D
INFO:root:New doc: 11001032600020250017000 - https://sacsjsamai1.blob.core.windows.net/1100103/11001032600020250017000/36_Autoquedeclar_73840_0_20260204093237483.pdf?sv=2026-02-06&spr=https&se=2026-02-13T21%3A00%3A34Z&sr=b&sp=r&rscd=attachment%3B+filename%3D36_Autoquedeclar_73840_0_20260204093237483.pdf&rsct=application%2Fpdf&sig=DM0UQnoMAKXcywGgpAPLBuz8yy0cVvLwTvhI5HVwOPs%3D
INFO:root:New doc: 11001032800020250013700 - https://sacsjsamai1.blob.core.windows.net/1100103/11001032800020250013700/82_Autoqueresuel_20250013700Resulever_0_20260202173516043.pdf?sv=2026-02-06&spr=https&se=2026-02-13T21%3A00%3A35Z&sr=b&sp=r&rscd=attachment%3B+filename%3D82_Autoqueresuel_20250013700Resulever_0_20260202173516043.pdf&rsct=application%2Fpdf&sig=0eghdlG6y01wNBsA1zv%2FhMk6iWYwvpkxXr%2BVVt3q4eQ%3D
INFO:root:New doc: 68001233100020010222701 - https://sacsjsamai1.blob.core.windows.net/1100103/68001233100020010222701/31_Autoqueresuel_42342Impulso_VF_0_20260202172059785.pdf?sv=2026-02-06&spr=https&se=2026-02-13T21%3A00%3A35Z&sr=b&sp=r&rscd=attachment%3B+filename%3D31_Autoqueresuel_42342Impulso_VF_0_20260202172059785.pdf&rsct=application%2Fpdf&sig=ny4dnubV928VmHXgLA489kO%2BtOjsk54YMOJWS6881WM%3D
INFO:root:Scraping Corte Constitucional...
INFO:WDM:====== WebDriver manager ======
INFO:WDM:Get LATEST chromedriver version for google-chrome
INFO:WDM:Get LATEST chromedriver version for google-chrome
INFO:WDM:Driver [C:\Users\AJ_dell1\.wdm\drivers\chromedriver\win64\127.0.6533.119\chromedriver-win32/chromedriver.exe] found in cache
INFO:root:Scraping Consejo de estado...
INFO:root:New doc: 11001032600020240016700 - https://sacsjsamai1.blob.core.windows.net/1100103/11001032600020240016700/146_Autoquedispon_272223VF_0_20260210155839568.pdf?sv=2026-02-06&spr=https&se=2026-02-13T21%3A03%3A43Z&sr=b&sp=r&rscd=attachment%3B+filename%3D146_Autoquedispon_272223VF_0_20260210155839568.pdf&rsct=application%2Fpdf&sig=8oi61%2B3BuNJjs0s8Niack5HJOX7xZcS6YYyEsmOA4No%3D
INFO:root:New doc: 25000233600020230008901 - https://sacsjsamai1.blob.core.windows.net/1100103/25000233600020230008901/3_Autoquerechaz_73508Rechazaapelacio_0_20260209095037751.pdf?sv=2026-02-06&spr=https&se=2026-02-13T21%3A03%3A44Z&sr=b&sp=r&rscd=attachment%3B+filename%3D3_Autoquerechaz_73508Rechazaapelacio_0_20260209095037751.pdf&rsct=application%2Fpdf&sig=iTL8ENBPsww0MiMjNJr5isO%2BT4asRZQUKnpnhhcjGwc%3D
INFO:root:New doc: 11001032600020250016800 - https://sacsjsamai1.blob.core.windows.net/1100103/11001032600020250016800/5_Autoqueadmite_73837Fundacionparael_0_20260206113811919.pdf?sv=2026-02-06&spr=https&se=2026-02-13T21%3A03%3A45Z&sr=b&sp=r&rscd=attachment%3B+filename%3D5_Autoqueadmite_73837Fundacionparael_0_20260206113811919.pdf&rsct=application%2Fpdf&sig=Xruwai7FB43Z8%2FXVCtvftl8LqFFss1CdPBFgfAiwINc%3D
INFO:root:New doc: 70001233300020200024302 - https://sacsjsamai1.blob.core.windows.net/1100103/70001233300020200024302/3_Autoqueadmite_73498LiliaInesUribeG_0_20260206120127775.pdf?sv=2026-02-06&spr=https&se=2026-02-13T21%3A03%3A45Z&sr=b&sp=r&rscd=attachment%3B+filename%3D3_Autoqueadmite_73498LiliaInesUribeG_0_20260206120127775.pdf&rsct=application%2Fpdf&sig=VfZTpXVC1TtjoJeDLj5E5tnCKUQGH6bl0fbBS8lgjz8%3D
INFO:root:New doc: 11001032800020260001100 - https://sacsjsamai1.blob.core.windows.net/1100103/11001032800020260001100/12_Autoqueinadmi_2026011Inadmisoriogo_0_20260205100132848.pdf?sv=2026-02-06&spr=https&se=2026-02-13T21%3A03%3A46Z&sr=b&sp=r&rscd=attachment%3B+filename%3D12_Autoqueinadmi_2026011Inadmisoriogo_0_20260205100132848.pdf&rsct=application%2Fpdf&sig=OenFWGohb2ZB2CrU1NLIU3gdRF1fYk%2BjPMQR02eg608%3D
INFO:root:New doc: 25000234100020240154001 - https://sacsjsamai1.blob.core.windows.net/1100103/25000234100020240154001/23_Autoqueresuel_202401540resuelvesol_0_20260205144511657.pdf?sv=2026-02-06&spr=https&se=2026-02-13T21%3A03%3A47Z&sr=b&sp=r&rscd=attachment%3B+filename%3D23_Autoqueresuel_202401540resuelvesol_0_20260205144511657.pdf&rsct=application%2Fpdf&sig=QqeAljADX%2FMf2M2gO00ehbWFcBt%2FOrKUsuGQLkkX%2Buk%3D
INFO:root:New doc: 11001031500020260066300 - https://sacsjsamai1.blob.core.windows.net/1100103/11001031500020260066300/7_Autoquedeclar_20260066300HUMBERTOE_0_20260203142505928.pdf?sv=2026-02-06&spr=https&se=2026-02-13T21%3A03%3A48Z&sr=b&sp=r&rscd=attachment%3B+filename%3D7_Autoquedeclar_20260066300HUMBERTOE_0_20260203142505928.pdf&rsct=application%2Fpdf&sig=uBWx3usmO0wLHZqNcB5MYwwcy9n9mKCUiQkp6r5t2Yo%3D
INFO:root:New doc: 11001032600020170007800 - https://sacsjsamai1.blob.core.windows.net/1100103/11001032600020170007800/195_Autoqueresuel_59379RESUELVEIMPEDIM_0_20260203110119656.pdf?sv=2026-02-06&spr=https&se=2026-02-13T21%3A03%3A48Z&sr=b&sp=r&rscd=attachment%3B+filename%3D195_Autoqueresuel_59379RESUELVEIMPEDIM_0_20260203110119656.pdf&rsct=application%2Fpdf&sig=78RiT90ry64F53QNHxjFN66D%2Fhmjp4e2OryQ1VD%2Bb8g%3D
INFO:root:New doc: 11001032600020220013600 - https://sacsjsamai1.blob.core.windows.net/1100103/11001032600020220013600/39_Autoqueresuel_68568Designacuradora_0_20260203151730052.pdf?sv=2026-02-06&spr=https&se=2026-02-13T21%3A03%3A49Z&sr=b&sp=r&rscd=attachment%3B+filename%3D39_Autoqueresuel_68568Designacuradora_0_20260203151730052.pdf&rsct=application%2Fpdf&sig=9ODpXvVUBIqSkf67OVtFBUmmkbVJxdDBHlyeGXg0sH4%3D
INFO:root:New doc: 11001032600020250006900 - https://sacsjsamai1.blob.core.windows.net/1100103/11001032600020250006900/301_Autoqueaprueb_72982ApruebaLiquidac_0_20260203152103726.pdf?sv=2026-02-06&spr=https&se=2026-02-13T21%3A03%3A49Z&sr=b&sp=r&rscd=attachment%3B+filename%3D301_Autoqueaprueb_72982ApruebaLiquidac_0_20260203152103726.pdf&rsct=application%2Fpdf&sig=pso9s7g5agFaWDtoxcfgzLX6ckYxqx%2Bv2Ksdeo%2FJ7SI%3D
INFO:root:New doc: 08001233100020100094301 - https://sacsjsamai1.blob.core.windows.net/1100103/08001233100020100094301/36_Autoqueresuel_63774Impulso_VF_0_20260202172438933.pdf?sv=2026-02-06&spr=https&se=2026-02-13T21%3A03%3A52Z&sr=b&sp=r&rscd=attachment%3B+filename%3D36_Autoqueresuel_63774Impulso_VF_0_20260202172438933.pdf&rsct=application%2Fpdf&sig=oY%2Bx6otNYZwFIPcOh7RDoodw7q2WGeLWIH7DPGLSyoU%3D
INFO:root:New doc: 11001031500020250802900 - https://sacsjsamai1.blob.core.windows.net/1100103/11001031500020250802900/7_Autoquedeclar_APa2025802900DavidGe_0_20260202091900584.pdf?sv=2026-02-06&spr=https&se=2026-02-13T21%3A03%3A53Z&sr=b&sp=r&rscd=attachment%3B+filename%3D7_Autoquedeclar_APa2025802900DavidGe_0_20260202091900584.pdf&rsct=application%2Fpdf&sig=kW3OXX%2BxMLVycfZMp2twCY1UBIw1oc5p6SK1Du0QbOQ%3D
INFO:root:New doc: 11001031500020260057900 - https://sacsjsamai1.blob.core.windows.net/1100103/11001031500020260057900/7_Autoquedeclar_Camila20250057900Mar_0_20260202173017812.pdf?sv=2026-02-06&spr=https&se=2026-02-13T21%3A03%3A54Z&sr=b&sp=r&rscd=attachment%3B+filename%3D7_Autoquedeclar_Camila20250057900Mar_0_20260202173017812.pdf&rsct=application%2Fpdf&sig=esh0VSJWRJEaYyOQgDAaHcUQKka%2Ba4pH4Swel%2BvPxTk%3D
INFO:root:New doc: 11001032500020130111700 - https://sacsjsamai1.blob.core.windows.net/1100103/11001032500020130111700/51_Autoquedispon_PARASENT_CA26392013Autoordena_0_20260202141050090.pdf?sv=2026-02-06&spr=https&se=2026-02-13T21%3A03%3A54Z&sr=b&sp=r&rscd=attachment%3B+filename%3D51_Autoquedispon_PARASENT_CA26392013Autoordena_0_20260202141050090.pdf&rsct=application%2Fpdf&sig=PCd%2Fy4MCOuosXfQfof9ZOT66CpaL%2BhAQMm63xM3Svhs%3D
INFO:root:New doc: 11001032500020130114100 - https://sacsjsamai1.blob.core.windows.net/1100103/11001032500020130114100/54_Autoquedispon_PARASENT_CA27392013Autoordena_0_20260202143002209.pdf?sv=2026-02-06&spr=https&se=2026-02-13T21%3A03%3A55Z&sr=b&sp=r&rscd=attachment%3B+filename%3D54_Autoquedispon_PARASENT_CA27392013Autoordena_0_20260202143002209.pdf&rsct=application%2Fpdf&sig=2A8d%2BUqSVHCix2GZE%2BaHnkLpKSxnm%2FcNI3txUFoC0rg%3D
INFO:root:New doc: 11001032600020230014500 - https://sacsjsamai1.blob.core.windows.net/1100103/11001032600020230014500/64_Autoquedecret_202300145_PruebasRER_0_20260202171857342.pdf?sv=2026-02-06&spr=https&se=2026-02-13T21%3A03%3A55Z&sr=b&sp=r&rscd=attachment%3B+filename%3D64_Autoquedecret_202300145_PruebasRER_0_20260202171857342.pdf&rsct=application%2Fpdf&sig=%2F50UxAdj7MbL8ejfQUfVGSYna8hjMPm2xyhqz%2BlyN5U%3D
INFO:root:New doc: 11001032600020250017000 - https://sacsjsamai1.blob.core.windows.net/1100103/11001032600020250017000/36_Autoquedeclar_73840_0_20260204093237483.pdf?sv=2026-02-06&spr=https&se=2026-02-13T21%3A03%3A56Z&sr=b&sp=r&rscd=attachment%3B+filename%3D36_Autoquedeclar_73840_0_20260204093237483.pdf&rsct=application%2Fpdf&sig=vfsBgz0hX2lsRCW997FB9YE%2FwkYhL7Nz5UDWSY4R96U%3D
INFO:root:New doc: 11001032800020250013700 - https://sacsjsamai1.blob.core.windows.net/1100103/11001032800020250013700/82_Autoqueresuel_20250013700Resulever_0_20260202173516043.pdf?sv=2026-02-06&spr=https&se=2026-02-13T21%3A03%3A57Z&sr=b&sp=r&rscd=attachment%3B+filename%3D82_Autoqueresuel_20250013700Resulever_0_20260202173516043.pdf&rsct=application%2Fpdf&sig=nETd3dfFshcBQkxnQSNWwfn9mmQZw6QRjo0sbmRChlg%3D
INFO:root:New doc: 68001233100020010222701 - https://sacsjsamai1.blob.core.windows.net/1100103/68001233100020010222701/31_Autoqueresuel_42342Impulso_VF_0_20260202172059785.pdf?sv=2026-02-06&spr=https&se=2026-02-13T21%3A03%3A57Z&sr=b&sp=r&rscd=attachment%3B+filename%3D31_Autoqueresuel_42342Impulso_VF_0_20260202172059785.pdf&rsct=application%2Fpdf&sig=EaMdYcGC5Eg6YeRRo0lINBTlmNUGPV0eYsu1rdd9iYQ%3D
INFO:root:Scraping Corte Constitucional...
INFO:root:New doc: T-019/26 - https://www.corteconstitucional.gov.co/sentencias/2026/T-019-26.rtf
INFO:root:New doc: T-010/26 - https://www.corteconstitucional.gov.co/sentencias/2026/T-010-26.rtf
INFO:root:New doc: T-012/26 - https://www.corteconstitucional.gov.co/sentencias/2026/T-012-26.rtf
